*** Using Compiler 'V5.06 update 5 (build 528)', folder: 'D:\Keil_v5\ARM\ARMCC\Bin'
Build target 'F4_motor'
compiling dvc_motor.c...
..\User_dvc\dvc_motor.c(134): error:  #20: identifier "motor_tx_packet" is undefined
          motor_tx_packet[hmotor->id*2 - 1] = (uint8_t)current_map;       // ä½Žå…«ä½?
..\User_dvc\dvc_motor.c(141): error:  #20: identifier "motor_tx_packet" is undefined
          motor_tx_packet[(hmotor->id - 4)*2 - 1] = (uint8_t)current_map;       // ä½Žå…«ä½?
..\User_dvc\dvc_motor.c: 0 warnings, 2 errors
"F4_motor\F4_motor.axf" - 2 Error(s), 0 Warning(s).
Target not created.
Build Time Elapsed:  00:00:02
